INFO 2025-05-14 12:47:10,564 autoreload Watching for file changes with StatReloader
INFO 2025-05-14 12:48:03,876 basehttp "GET /newsletter/ HTTP/1.1" 200 41262
INFO 2025-05-14 12:48:34,736 basehttp "GET /newsletter/create/ HTTP/1.1" 200 77057
INFO 2025-05-14 12:48:34,911 basehttp "GET /newsletter/api/recipients/count/? HTTP/1.1" 200 56
INFO 2025-05-14 12:48:34,918 basehttp "GET /newsletter/api/subscriber-groups/ HTTP/1.1" 200 405
INFO 2025-05-14 12:48:42,032 basehttp "GET /newsletter/api/subscriber-groups/6/subscribers/ HTTP/1.1" 200 374
INFO 2025-05-14 12:48:42,033 basehttp "GET /newsletter/api/recipients/count/?group_ids=6 HTTP/1.1" 200 56
INFO 2025-05-14 12:48:46,016 basehttp "POST /newsletter/create/ HTTP/1.1" 302 0
INFO 2025-05-14 12:48:46,019 views Starting _process_send_request for newsletter test10
INFO 2025-05-14 12:48:46,020 views Found newsletter: 44 - test10
WARNING 2025-05-14 12:48:46,020 views Newsletter 44 already in status: sending
INFO 2025-05-14 12:48:46,020 basehttp "GET /newsletter/newsletters/test10/send/ HTTP/1.1" 302 0
INFO 2025-05-14 12:48:46,026 basehttp "GET /newsletter/ HTTP/1.1" 200 42574
INFO 2025-05-14 12:50:55,782 basehttp "GET /newsletter/ HTTP/1.1" 200 41463
INFO 2025-05-14 12:51:40,936 basehttp "GET /newsletter/create/ HTTP/1.1" 200 77057
INFO 2025-05-14 12:51:41,104 basehttp "GET /newsletter/api/recipients/count/? HTTP/1.1" 200 56
INFO 2025-05-14 12:51:41,108 basehttp "GET /newsletter/api/subscriber-groups/ HTTP/1.1" 200 405
INFO 2025-05-14 12:51:49,008 basehttp "GET /newsletter/api/recipients/count/?group_ids=6 HTTP/1.1" 200 56
INFO 2025-05-14 12:51:49,008 basehttp "GET /newsletter/api/subscriber-groups/6/subscribers/ HTTP/1.1" 200 374
INFO 2025-05-14 12:51:53,110 basehttp "POST /newsletter/create/ HTTP/1.1" 302 0
INFO 2025-05-14 12:51:53,113 views Starting _process_send_request for newsletter test11
INFO 2025-05-14 12:51:53,114 views Found newsletter: 45 - test11
WARNING 2025-05-14 12:51:53,114 views Newsletter 45 already in status: sending
INFO 2025-05-14 12:51:53,114 basehttp "GET /newsletter/newsletters/test11/send/ HTTP/1.1" 302 0
INFO 2025-05-14 12:51:53,122 basehttp "GET /newsletter/ HTTP/1.1" 200 42849
INFO 2025-05-14 12:54:37,710 basehttp "GET /newsletter/?page=2 HTTP/1.1" 200 43169
INFO 2025-05-14 12:54:39,745 basehttp "GET /newsletter/?page=3 HTTP/1.1" 200 42682
INFO 2025-05-14 12:54:46,392 basehttp "GET /newsletter/?page=1 HTTP/1.1" 200 42066
INFO 2025-05-14 12:56:31,302 autoreload /Users/rafal/VisualStudio/PythonProjects/XManager/apps/newsletter/views.py changed, reloading.
INFO 2025-05-14 12:56:31,626 autoreload Watching for file changes with StatReloader
INFO 2025-05-14 12:57:14,637 autoreload /Users/rafal/VisualStudio/PythonProjects/XManager/apps/newsletter/views.py changed, reloading.
INFO 2025-05-14 12:57:14,930 autoreload Watching for file changes with StatReloader
INFO 2025-05-14 12:58:09,204 autoreload /Users/rafal/VisualStudio/PythonProjects/XManager/apps/newsletter/views.py changed, reloading.
INFO 2025-05-14 12:58:09,429 autoreload Watching for file changes with StatReloader
INFO 2025-05-14 12:58:28,006 autoreload /Users/rafal/VisualStudio/PythonProjects/XManager/apps/newsletter/views.py changed, reloading.
INFO 2025-05-14 12:58:28,248 autoreload Watching for file changes with StatReloader
INFO 2025-05-14 12:58:35,611 autoreload /Users/rafal/VisualStudio/PythonProjects/XManager/apps/newsletter/views.py changed, reloading.
INFO 2025-05-14 12:58:35,836 autoreload Watching for file changes with StatReloader
INFO 2025-05-14 12:58:39,056 basehttp "GET /subscribers/ HTTP/1.1" 200 131437
INFO 2025-05-14 12:58:40,039 basehttp "GET /newsletter/ HTTP/1.1" 200 42066
INFO 2025-05-14 12:58:41,396 basehttp "GET /newsletter/create/ HTTP/1.1" 200 77057
INFO 2025-05-14 12:58:41,563 basehttp "GET /newsletter/api/recipients/count/? HTTP/1.1" 200 56
INFO 2025-05-14 12:58:41,566 basehttp "GET /newsletter/api/subscriber-groups/ HTTP/1.1" 200 405
INFO 2025-05-14 12:59:39,223 basehttp "GET /newsletter/api/recipients/count/?group_ids=6 HTTP/1.1" 200 56
INFO 2025-05-14 12:59:39,223 basehttp "GET /newsletter/api/subscriber-groups/6/subscribers/ HTTP/1.1" 200 374
INFO 2025-05-14 12:59:43,485 basehttp "POST /newsletter/create/ HTTP/1.1" 302 0
INFO 2025-05-14 12:59:43,489 views Starting _process_send_request for newsletter test11-1
INFO 2025-05-14 12:59:43,489 views Found newsletter: 46 - test11
WARNING 2025-05-14 12:59:43,489 views Newsletter 46 already in status: sending
INFO 2025-05-14 12:59:43,490 basehttp "GET /newsletter/newsletters/test11-1/send/ HTTP/1.1" 302 0
INFO 2025-05-14 12:59:43,498 basehttp "GET /newsletter/ HTTP/1.1" 200 43392
INFO 2025-05-14 13:01:28,564 autoreload /Users/rafal/VisualStudio/PythonProjects/XManager/apps/newsletter/views.py changed, reloading.
INFO 2025-05-14 13:01:28,884 autoreload Watching for file changes with StatReloader
INFO 2025-05-14 13:01:31,141 basehttp "GET /newsletter/create/ HTTP/1.1" 200 77057
INFO 2025-05-14 13:01:31,325 basehttp "GET /newsletter/api/recipients/count/? HTTP/1.1" 200 56
INFO 2025-05-14 13:01:31,328 basehttp "GET /newsletter/api/subscriber-groups/ HTTP/1.1" 200 405
INFO 2025-05-14 13:01:39,058 basehttp "GET /newsletter/api/recipients/count/?group_ids=6 HTTP/1.1" 200 56
INFO 2025-05-14 13:01:39,059 basehttp "GET /newsletter/api/subscriber-groups/6/subscribers/ HTTP/1.1" 200 374
INFO 2025-05-14 13:01:42,819 basehttp "POST /newsletter/create/ HTTP/1.1" 302 0
INFO 2025-05-14 13:01:42,823 views Starting _process_send_request for newsletter test12
INFO 2025-05-14 13:01:42,823 views Found newsletter: 47 - test12
INFO 2025-05-14 13:01:42,823 views Setting newsletter 47 status to 'sending'
INFO 2025-05-14 13:01:42,823 views About to call send_newsletter for 47
INFO 2025-05-14 13:01:42,823 views Starting to send newsletter: test12 (ID: 47)
INFO 2025-05-14 13:01:42,824 views Direct subscribers: 0
INFO 2025-05-14 13:01:42,824 views Added 3 subscribers from group 6
INFO 2025-05-14 13:01:42,824 views Found 3 recipients for newsletter 47
INFO 2025-05-14 13:01:42,825 views Updated total_recipients to 3
INFO 2025-05-14 13:01:42,825 views Sending to rrafal889@gmail.com (1/3)
ERROR 2025-05-14 13:01:42,825 views Error sending to rrafal889@gmail.com: 'Settings' object has no attribute 'SITE_URL'
INFO 2025-05-14 13:01:42,825 views Sending to roach7777@gmail.com (2/3)
ERROR 2025-05-14 13:01:42,825 views Error sending to roach7777@gmail.com: 'Settings' object has no attribute 'SITE_URL'
INFO 2025-05-14 13:01:42,825 views Sending to rafal.denisiuk@xbrands.pl (3/3)
ERROR 2025-05-14 13:01:42,825 views Error sending to rafal.denisiuk@xbrands.pl: 'Settings' object has no attribute 'SITE_URL'
INFO 2025-05-14 13:01:42,825 views Completed sending: 0 successful, 3 errors
INFO 2025-05-14 13:01:42,825 views Newsletter 47 status updated to 'failed'
INFO 2025-05-14 13:01:42,825 views send_newsletter returned with 0 recipients
INFO 2025-05-14 13:01:42,826 views Saved newsletter with status sending
INFO 2025-05-14 13:01:42,826 views Redirecting to newsletter list
INFO 2025-05-14 13:01:42,826 basehttp "GET /newsletter/newsletters/test12/send/ HTTP/1.1" 302 0
INFO 2025-05-14 13:01:42,834 basehttp "GET /newsletter/ HTTP/1.1" 200 43898
INFO 2025-05-14 13:05:30,242 autoreload /Users/rafal/VisualStudio/PythonProjects/XManager/XManager/settings.py changed, reloading.
INFO 2025-05-14 13:05:30,672 autoreload Watching for file changes with StatReloader
INFO 2025-05-14 13:06:33,177 autoreload /Users/rafal/VisualStudio/PythonProjects/XManager/apps/newsletter/views.py changed, reloading.
INFO 2025-05-14 13:06:33,477 autoreload Watching for file changes with StatReloader
INFO 2025-05-14 13:07:09,344 autoreload /Users/rafal/VisualStudio/PythonProjects/XManager/apps/newsletter/views.py changed, reloading.
INFO 2025-05-14 13:07:09,668 autoreload Watching for file changes with StatReloader
INFO 2025-05-14 13:07:58,828 autoreload /Users/rafal/VisualStudio/PythonProjects/XManager/apps/newsletter/views.py changed, reloading.
INFO 2025-05-14 13:07:59,139 autoreload Watching for file changes with StatReloader
INFO 2025-05-14 13:08:02,825 basehttp "GET /newsletter/ HTTP/1.1" 200 43152
INFO 2025-05-14 13:08:03,701 basehttp "GET /newsletter/ HTTP/1.1" 200 43152
INFO 2025-05-14 13:08:04,093 basehttp "GET /subscribers/groups/ HTTP/1.1" 200 17846
INFO 2025-05-14 13:08:04,524 basehttp "GET /newsletter/ HTTP/1.1" 200 43152
INFO 2025-05-14 13:08:06,053 basehttp "GET /newsletter/create/ HTTP/1.1" 200 77057
INFO 2025-05-14 13:08:06,230 basehttp "GET /newsletter/api/recipients/count/? HTTP/1.1" 200 56
INFO 2025-05-14 13:08:06,235 basehttp "GET /newsletter/api/subscriber-groups/ HTTP/1.1" 200 405
INFO 2025-05-14 13:08:10,265 basehttp "GET /newsletter/ HTTP/1.1" 200 43152
INFO 2025-05-14 13:08:11,991 basehttp "GET /newsletter/create/ HTTP/1.1" 200 77057
INFO 2025-05-14 13:08:12,160 basehttp "GET /newsletter/api/recipients/count/? HTTP/1.1" 200 56
INFO 2025-05-14 13:08:12,164 basehttp "GET /newsletter/api/subscriber-groups/ HTTP/1.1" 200 405
INFO 2025-05-14 13:08:19,052 basehttp "GET /newsletter/api/recipients/count/?group_ids=6 HTTP/1.1" 200 56
INFO 2025-05-14 13:08:19,052 basehttp "GET /newsletter/api/subscriber-groups/6/subscribers/ HTTP/1.1" 200 374
INFO 2025-05-14 13:08:24,077 basehttp "POST /newsletter/create/ HTTP/1.1" 302 0
INFO 2025-05-14 13:08:24,080 views Starting _process_send_request for newsletter test13
INFO 2025-05-14 13:08:24,080 views Found newsletter: 48 - test13
INFO 2025-05-14 13:08:24,080 views Setting newsletter 48 status to 'sending'
INFO 2025-05-14 13:08:24,080 views About to call send_newsletter for 48
INFO 2025-05-14 13:08:24,080 views Starting to send newsletter: test13 (ID: 48)
INFO 2025-05-14 13:08:24,080 views Direct subscribers: 0
INFO 2025-05-14 13:08:24,081 views Added 3 subscribers from group 6
INFO 2025-05-14 13:08:24,081 views Found 3 recipients for newsletter 48
INFO 2025-05-14 13:08:24,081 views Updated total_recipients to 3
INFO 2025-05-14 13:08:24,081 views Sending to rrafal889@gmail.com (1/3)
WARNING 2025-05-14 13:08:24,081 views Could not create tracking record: NewsletterTracking() got unexpected keyword arguments: 'action', 'tracking_id'
INFO 2025-05-14 13:08:26,047 views Successfully sent to rrafal889@gmail.com
INFO 2025-05-14 13:08:26,047 views Sending to roach7777@gmail.com (2/3)
WARNING 2025-05-14 13:08:26,048 views Could not create tracking record: NewsletterTracking() got unexpected keyword arguments: 'action', 'tracking_id'
INFO 2025-05-14 13:08:27,588 views Successfully sent to roach7777@gmail.com
INFO 2025-05-14 13:08:27,588 views Sending to rafal.denisiuk@xbrands.pl (3/3)
WARNING 2025-05-14 13:08:27,589 views Could not create tracking record: NewsletterTracking() got unexpected keyword arguments: 'action', 'tracking_id'
INFO 2025-05-14 13:08:29,111 views Successfully sent to rafal.denisiuk@xbrands.pl
INFO 2025-05-14 13:08:29,112 views Completed sending: 3 successful, 0 errors
INFO 2025-05-14 13:08:29,114 views Newsletter 48 status updated to 'sent'
INFO 2025-05-14 13:08:29,114 views send_newsletter returned with 3 recipients
INFO 2025-05-14 13:08:29,114 views Newsletter status after sending: sent
INFO 2025-05-14 13:08:29,115 views Not saving newsletter status as it's already set to sent
INFO 2025-05-14 13:08:29,115 views Redirecting to newsletter list
INFO 2025-05-14 13:08:29,115 basehttp "GET /newsletter/newsletters/test13/send/ HTTP/1.1" 302 0
INFO 2025-05-14 13:08:29,121 basehttp "GET /newsletter/ HTTP/1.1" 200 44654
WARNING 2025-05-14 13:08:35,792 log Not Found: /track/open/f77cfd43-2f39-4cd2-a887-0d7879132e70/
WARNING 2025-05-14 13:08:35,792 basehttp "GET /track/open/f77cfd43-2f39-4cd2-a887-0d7879132e70/ HTTP/1.1" 404 4697
WARNING 2025-05-14 13:08:44,262 log Not Found: /unsubscribe/1/
WARNING 2025-05-14 13:08:44,262 basehttp "GET /unsubscribe/1/ HTTP/1.1" 404 4595
INFO 2025-05-14 13:09:44,772 basehttp "GET /newsletter/test13/report/ HTTP/1.1" 200 32214
